<?xml version="1.0" encoding="UTF-8"?>
<!-- Generated by org.testng.reporters.JUnitReportReporter -->
<testsuite skipped="0" hostname="AIPL-PUN-LT56" name="com.xpand.DemoTest" tests="3" failures="0" timestamp="2020-05-12T11:14:21 IST" time="63.689" errors="0">
  <testcase name="verifyUser" time="24.341" classname="com.xpand.DemoTest"/>
  <system-out/>
  <testcase name="loginTest" time="22.227" classname="com.xpand.DemoTest"/>
  <system-out/>
  <testcase name="loginPageTitleTest" time="17.121" classname="com.xpand.DemoTest"/>
  <system-out/>
</testsuite> <!-- com.xpand.DemoTest -->
