<?xml version="1.0" encoding="UTF-8"?>
<!-- Generated by org.testng.reporters.JUnitReportReporter -->
<testsuite skipped="0" hostname="AIPL-PUN-LT56" name="com.xpand.CalcTest" tests="2" failures="0" timestamp="2020-05-11T13:58:06 IST" time="0.010" errors="0">
  <testcase name="CanAddNumbers" time="0.009" classname="com.xpand.CalcTest"/>
  <system-out/>
  <testcase name="CanSubtract" time="0.001" classname="com.xpand.CalcTest"/>
  <system-out/>
</testsuite> <!-- com.xpand.CalcTest -->
